2024-02-23 16:01:47.426 [main] INFO  com.rs.mv.mvvs.Startup - [LSP:100101]ROCKET MV BASIC EXTENSION to start
2024-02-23 16:01:47.472 [main] INFO  com.rs.mv.mvvs.lsp.server.BasicLanguageServerLauncher - [LSP:100102]start pip server
2024-02-23 16:01:47.692 [main] INFO  com.rs.mv.mvvs.lsp.server.BasicLanguageServerLauncher - [LSP:100103]ROCKET MV BASIC EXTENSION start successful
2024-02-23 16:01:47.811 [pool-3-thread-1] INFO  com.rs.mv.mvvs.instance.workspace.WorkspaceManager - [workspace:200101]load all workspace folders start
2024-02-23 16:01:47.812 [pool-3-thread-1] INFO  com.rs.mv.mvvs.instance.workspace.WorkspaceManager - [workspace:20010201]root uri: file:///c%3A/Users/Administrator.DESKTOP-QGEPIDJ/Desktop/learning-School/College-Game
2024-02-23 16:01:47.814 [pool-3-thread-1] INFO  com.rs.mv.mvvs.instance.workspace.handler.FolderHandler - [workspace:200103]workspace contains workspace folder: file:///c%3A/Users/Administrator.DESKTOP-QGEPIDJ/Desktop/learning-School/College-Game
2024-02-23 16:01:47.846 [pool-3-thread-1] INFO  com.rs.mv.mvvs.instance.workspace.handler.FolderHandler - [workspace:200104]workspace folder will be cached: file:///c%3A/Users/Administrator.DESKTOP-QGEPIDJ/Desktop/learning-School/College-Game
2024-02-23 16:01:47.850 [pool-3-thread-1] INFO  com.rs.mv.mvvs.rmv.config.Config - [framework:30010101]config load start
2024-02-23 16:01:47.850 [pool-3-thread-1] INFO  com.rs.mv.mvvs.rmv.config.Config - [framework:30010102]project config path is : C:/Users/Administrator.DESKTOP-QGEPIDJ/Desktop/learning-School/College-Game/.rmv/config
2024-02-23 16:01:47.850 [pool-3-thread-1] INFO  com.rs.mv.mvvs.rmv.config.Config - [framework:30010103]resource config path is : /
2024-02-23 16:01:47.851 [pool-3-thread-1] INFO  com.rs.mv.mvvs.rmv.config.Config - [framework:30010104]user config path is : C:/Users/Administrator.DESKTOP-QGEPIDJ
2024-02-23 16:01:47.903 [pool-3-thread-1] INFO  com.rs.mv.mvvs.rmv.config.Config - [framework:30010105]config load end
2024-02-23 16:01:47.906 [pool-3-thread-1] INFO  com.rs.mv.mvvs.rmv.documentation.BasicDocumentation - [framework:30020101]documentation load start
2024-02-23 16:01:47.909 [pool-3-thread-1] INFO  com.rs.mv.mvvs.rmv.documentation.reader.SystemDocReader - [framework:30020102]system documentation path: /documentation/UNIVERSE/
2024-02-23 16:01:47.917 [pool-3-thread-1] INFO  com.rs.mv.mvvs.rmv.documentation.reader.ProjectDocReader - [framework:30020103]project documentation brief file: C:\Users\Administrator.DESKTOP-QGEPIDJ\Desktop\learning-School\College-Game\.rmv\documentation\UNIVERSE\custom.json
2024-02-23 16:01:47.919 [pool-3-thread-1] INFO  com.rs.mv.mvvs.rmv.documentation.reader.UserDocReader - [framework:30020104]user documentation brief file: C:\Users\Administrator.DESKTOP-QGEPIDJ\documentation\UNIVERSE\custom.json
2024-02-23 16:01:48.102 [pool-3-thread-1] INFO  com.rs.mv.mvvs.rmv.documentation.BasicDocumentation - [framework:30020105]documentation load end
2024-02-23 16:01:48.113 [pool-3-thread-1] INFO  com.rs.mv.mvvs.common.convertor.ConvertorManager - [framework:30030101]convertors for folder(C:/Users/Administrator.DESKTOP-QGEPIDJ/Desktop/learning-School/College-Game) load start
2024-02-23 16:01:48.122 [pool-3-thread-1] INFO  com.rs.mv.mvvs.common.convertor.ConvertorManager - [framework:30030102]comment convertor load finish
2024-02-23 16:01:48.405 [pool-3-thread-1] INFO  com.rs.mv.mvvs.common.convertor.ConvertorManager - [framework:30030103]keyword convertor load finish
2024-02-23 16:01:48.410 [pool-3-thread-1] INFO  com.rs.mv.mvvs.common.convertor.ConvertorManager - [framework:30030104]operator convertor load finish
2024-02-23 16:01:48.412 [pool-3-thread-1] INFO  com.rs.mv.mvvs.common.convertor.ConvertorManager - [framework:30030105]function name convertor load finish
2024-02-23 16:01:48.413 [pool-3-thread-1] INFO  com.rs.mv.mvvs.common.convertor.ConvertorManager - [framework:30030106]atVariable convertor load finish
2024-02-23 16:01:48.414 [pool-3-thread-1] INFO  com.rs.mv.mvvs.common.convertor.ConvertorManager - [framework:30030107]convertors for folder(C:/Users/Administrator.DESKTOP-QGEPIDJ/Desktop/learning-School/College-Game) load end
2024-02-23 16:01:48.415 [pool-3-thread-1] INFO  com.rs.mv.mvvs.rmv.config.CapabilityConfig - [framework:30010301]capabilities file(C:/Users/Administrator.DESKTOP-QGEPIDJ/Desktop/learning-School/College-Game/config/capability) doesn't exist or read error, default config will take effect
2024-02-23 16:01:48.416 [pool-3-thread-1] INFO  com.rs.mv.mvvs.instance.workspace.WorkspaceManager - [workspace:200105]load all workspace folders successful
2024-02-23 16:01:48.420 [pool-3-thread-1] INFO  com.rs.mv.mvvs.client.account.AccountManager - [client:40010101]load account manager start
2024-02-23 16:01:48.459 [pool-3-thread-1] INFO  com.rs.mv.mvvs.client.account.handler.CacheAccountHandler - [client:40010102]load cache account: 
2024-02-23 16:01:48.465 [pool-3-thread-1] INFO  com.rs.mv.mvvs.client.account.handler.ExternalAccountHandler - [client:40010103]load external account: 
2024-02-23 16:01:48.755 [pool-3-thread-1] INFO  com.rs.mv.mvvs.client.catalog.manager.U2CatalogManager - [client:400203]cache file auto update thread launch in College-Game account
2024-02-23 16:01:48.768 [pool-3-thread-1] INFO  com.rs.mv.mvvs.client.catalog.from.config.DirsConfigReader - [client:400206]parse dir config information
2024-02-23 16:01:48.773 [pool-3-thread-1] INFO  com.rs.mv.mvvs.client.catalog.from.config.MappingConfigReader - [client:400207]parse mapping config information
2024-02-23 16:01:48.775 [pool-3-thread-1] INFO  com.rs.mv.mvvs.client.catalog.manager.U2CatalogManager - [client:400202]start a schedule task to get global/local catalog for College-Game, its period 5s 
2024-02-23 16:01:48.777 [pool-3-thread-1] INFO  com.rs.mv.mvvs.client.catalog.manager.U2CatalogManager - [client:400203]cache file auto update thread launch in .git account
2024-02-23 16:01:48.779 [pool-3-thread-1] INFO  com.rs.mv.mvvs.client.catalog.from.config.DirsConfigReader - [client:400206]parse dir config information
2024-02-23 16:01:48.780 [pool-3-thread-1] INFO  com.rs.mv.mvvs.client.catalog.from.config.MappingConfigReader - [client:400207]parse mapping config information
2024-02-23 16:01:48.781 [pool-3-thread-1] INFO  com.rs.mv.mvvs.client.catalog.manager.U2CatalogManager - [client:400202]start a schedule task to get global/local catalog for .git, its period 5s 
2024-02-23 16:01:48.782 [pool-3-thread-1] INFO  com.rs.mv.mvvs.client.catalog.manager.U2CatalogManager - [client:400203]cache file auto update thread launch in logs account
2024-02-23 16:01:48.784 [pool-3-thread-1] INFO  com.rs.mv.mvvs.client.catalog.from.config.DirsConfigReader - [client:400206]parse dir config information
2024-02-23 16:01:48.785 [pool-3-thread-1] INFO  com.rs.mv.mvvs.client.catalog.from.config.MappingConfigReader - [client:400207]parse mapping config information
2024-02-23 16:01:48.786 [pool-3-thread-1] INFO  com.rs.mv.mvvs.client.catalog.manager.U2CatalogManager - [client:400202]start a schedule task to get global/local catalog for logs, its period 5s 
2024-02-23 16:01:48.787 [pool-3-thread-1] INFO  com.rs.mv.mvvs.client.catalog.manager.U2CatalogManager - [client:400203]cache file auto update thread launch in refs account
2024-02-23 16:01:48.788 [pool-3-thread-1] INFO  com.rs.mv.mvvs.client.catalog.from.config.DirsConfigReader - [client:400206]parse dir config information
2024-02-23 16:01:48.788 [pool-3-thread-1] INFO  com.rs.mv.mvvs.client.catalog.from.config.MappingConfigReader - [client:400207]parse mapping config information
2024-02-23 16:01:48.789 [pool-3-thread-1] INFO  com.rs.mv.mvvs.client.catalog.manager.U2CatalogManager - [client:400202]start a schedule task to get global/local catalog for refs, its period 5s 
2024-02-23 16:01:48.790 [pool-3-thread-1] INFO  com.rs.mv.mvvs.client.catalog.manager.U2CatalogManager - [client:400203]cache file auto update thread launch in remotes account
2024-02-23 16:01:48.790 [pool-3-thread-1] INFO  com.rs.mv.mvvs.client.catalog.from.config.DirsConfigReader - [client:400206]parse dir config information
2024-02-23 16:01:48.791 [pool-3-thread-1] INFO  com.rs.mv.mvvs.client.catalog.from.config.MappingConfigReader - [client:400207]parse mapping config information
2024-02-23 16:01:48.792 [pool-3-thread-1] INFO  com.rs.mv.mvvs.client.catalog.manager.U2CatalogManager - [client:400202]start a schedule task to get global/local catalog for remotes, its period 5s 
2024-02-23 16:01:48.794 [pool-3-thread-1] INFO  com.rs.mv.mvvs.client.catalog.manager.U2CatalogManager - [client:400203]cache file auto update thread launch in objects account
2024-02-23 16:01:48.794 [pool-3-thread-1] INFO  com.rs.mv.mvvs.client.catalog.from.config.DirsConfigReader - [client:400206]parse dir config information
2024-02-23 16:01:48.795 [pool-3-thread-1] INFO  com.rs.mv.mvvs.client.catalog.from.config.MappingConfigReader - [client:400207]parse mapping config information
2024-02-23 16:01:48.796 [pool-3-thread-1] INFO  com.rs.mv.mvvs.client.catalog.manager.U2CatalogManager - [client:400202]start a schedule task to get global/local catalog for objects, its period 5s 
2024-02-23 16:01:48.797 [pool-3-thread-1] INFO  com.rs.mv.mvvs.client.catalog.manager.U2CatalogManager - [client:400203]cache file auto update thread launch in refs account
2024-02-23 16:01:48.799 [pool-3-thread-1] INFO  com.rs.mv.mvvs.client.catalog.from.config.DirsConfigReader - [client:400206]parse dir config information
2024-02-23 16:01:48.800 [pool-3-thread-1] INFO  com.rs.mv.mvvs.client.catalog.from.config.MappingConfigReader - [client:400207]parse mapping config information
2024-02-23 16:01:48.800 [pool-3-thread-1] INFO  com.rs.mv.mvvs.client.catalog.manager.U2CatalogManager - [client:400202]start a schedule task to get global/local catalog for refs, its period 5s 
2024-02-23 16:01:48.801 [pool-3-thread-1] INFO  com.rs.mv.mvvs.client.catalog.manager.U2CatalogManager - [client:400203]cache file auto update thread launch in remotes account
2024-02-23 16:01:48.802 [pool-3-thread-1] INFO  com.rs.mv.mvvs.client.catalog.from.config.DirsConfigReader - [client:400206]parse dir config information
2024-02-23 16:01:48.802 [pool-3-thread-1] INFO  com.rs.mv.mvvs.client.catalog.from.config.MappingConfigReader - [client:400207]parse mapping config information
2024-02-23 16:01:48.802 [pool-3-thread-1] INFO  com.rs.mv.mvvs.client.catalog.manager.U2CatalogManager - [client:400202]start a schedule task to get global/local catalog for remotes, its period 5s 
2024-02-23 16:01:48.803 [pool-3-thread-1] INFO  com.rs.mv.mvvs.client.catalog.manager.U2CatalogManager - [client:400203]cache file auto update thread launch in .idea account
2024-02-23 16:01:48.804 [pool-3-thread-1] INFO  com.rs.mv.mvvs.client.catalog.from.config.DirsConfigReader - [client:400206]parse dir config information
2024-02-23 16:01:48.806 [pool-3-thread-1] INFO  com.rs.mv.mvvs.client.catalog.from.config.MappingConfigReader - [client:400207]parse mapping config information
2024-02-23 16:01:48.807 [pool-3-thread-1] INFO  com.rs.mv.mvvs.client.catalog.manager.U2CatalogManager - [client:400202]start a schedule task to get global/local catalog for .idea, its period 5s 
2024-02-23 16:01:48.808 [pool-3-thread-1] INFO  com.rs.mv.mvvs.client.catalog.manager.U2CatalogManager - [client:400203]cache file auto update thread launch in assets account
2024-02-23 16:01:48.809 [pool-3-thread-1] INFO  com.rs.mv.mvvs.client.catalog.from.config.DirsConfigReader - [client:400206]parse dir config information
2024-02-23 16:01:48.809 [pool-3-thread-1] INFO  com.rs.mv.mvvs.client.catalog.from.config.MappingConfigReader - [client:400207]parse mapping config information
2024-02-23 16:01:48.809 [pool-3-thread-1] INFO  com.rs.mv.mvvs.client.catalog.manager.U2CatalogManager - [client:400202]start a schedule task to get global/local catalog for assets, its period 5s 
2024-02-23 16:01:48.813 [pool-3-thread-1] INFO  com.rs.mv.mvvs.client.catalog.manager.U2CatalogManager - [client:400203]cache file auto update thread launch in Items account
2024-02-23 16:01:48.815 [pool-3-thread-1] INFO  com.rs.mv.mvvs.client.catalog.from.config.DirsConfigReader - [client:400206]parse dir config information
2024-02-23 16:01:48.816 [pool-3-thread-1] INFO  com.rs.mv.mvvs.client.catalog.from.config.MappingConfigReader - [client:400207]parse mapping config information
2024-02-23 16:01:48.817 [pool-3-thread-1] INFO  com.rs.mv.mvvs.client.catalog.manager.U2CatalogManager - [client:400202]start a schedule task to get global/local catalog for Items, its period 5s 
2024-02-23 16:01:48.817 [pool-3-thread-1] INFO  com.rs.mv.mvvs.client.catalog.manager.U2CatalogManager - [client:400203]cache file auto update thread launch in Boxes account
2024-02-23 16:01:48.817 [pool-3-thread-1] INFO  com.rs.mv.mvvs.client.catalog.from.config.DirsConfigReader - [client:400206]parse dir config information
2024-02-23 16:01:48.818 [pool-3-thread-1] INFO  com.rs.mv.mvvs.client.catalog.from.config.MappingConfigReader - [client:400207]parse mapping config information
2024-02-23 16:01:48.820 [pool-3-thread-1] INFO  com.rs.mv.mvvs.client.catalog.manager.U2CatalogManager - [client:400202]start a schedule task to get global/local catalog for Boxes, its period 5s 
2024-02-23 16:01:48.822 [pool-3-thread-1] INFO  com.rs.mv.mvvs.client.catalog.manager.U2CatalogManager - [client:400203]cache file auto update thread launch in Checkpoints account
2024-02-23 16:01:48.823 [pool-3-thread-1] INFO  com.rs.mv.mvvs.client.catalog.from.config.DirsConfigReader - [client:400206]parse dir config information
2024-02-23 16:01:48.823 [pool-3-thread-1] INFO  com.rs.mv.mvvs.client.catalog.from.config.MappingConfigReader - [client:400207]parse mapping config information
2024-02-23 16:01:48.824 [pool-3-thread-1] INFO  com.rs.mv.mvvs.client.catalog.manager.U2CatalogManager - [client:400202]start a schedule task to get global/local catalog for Checkpoints, its period 5s 
2024-02-23 16:01:48.825 [pool-3-thread-1] INFO  com.rs.mv.mvvs.client.catalog.manager.U2CatalogManager - [client:400203]cache file auto update thread launch in MainCharacters account
2024-02-23 16:01:48.825 [pool-3-thread-1] INFO  com.rs.mv.mvvs.client.catalog.from.config.DirsConfigReader - [client:400206]parse dir config information
2024-02-23 16:01:48.825 [pool-3-thread-1] INFO  com.rs.mv.mvvs.client.catalog.from.config.MappingConfigReader - [client:400207]parse mapping config information
2024-02-23 16:01:48.826 [pool-3-thread-1] INFO  com.rs.mv.mvvs.client.catalog.manager.U2CatalogManager - [client:400202]start a schedule task to get global/local catalog for MainCharacters, its period 5s 
2024-02-23 16:01:48.828 [pool-3-thread-1] INFO  com.rs.mv.mvvs.client.catalog.manager.U2CatalogManager - [client:400203]cache file auto update thread launch in Menu account
2024-02-23 16:01:48.828 [pool-3-thread-1] INFO  com.rs.mv.mvvs.client.catalog.from.config.DirsConfigReader - [client:400206]parse dir config information
2024-02-23 16:01:48.829 [pool-3-thread-1] INFO  com.rs.mv.mvvs.client.catalog.from.config.MappingConfigReader - [client:400207]parse mapping config information
2024-02-23 16:01:48.830 [pool-3-thread-1] INFO  com.rs.mv.mvvs.client.catalog.manager.U2CatalogManager - [client:400202]start a schedule task to get global/local catalog for Menu, its period 5s 
2024-02-23 16:01:48.831 [pool-3-thread-1] INFO  com.rs.mv.mvvs.client.catalog.manager.U2CatalogManager - [client:400203]cache file auto update thread launch in Traps account
2024-02-23 16:01:48.832 [pool-3-thread-1] INFO  com.rs.mv.mvvs.client.catalog.from.config.DirsConfigReader - [client:400206]parse dir config information
2024-02-23 16:01:48.833 [pool-3-thread-1] INFO  com.rs.mv.mvvs.client.catalog.from.config.MappingConfigReader - [client:400207]parse mapping config information
2024-02-23 16:01:48.834 [pool-3-thread-1] INFO  com.rs.mv.mvvs.client.catalog.manager.U2CatalogManager - [client:400202]start a schedule task to get global/local catalog for Traps, its period 5s 
2024-02-23 16:01:48.835 [pool-3-thread-1] INFO  com.rs.mv.mvvs.client.catalog.manager.U2CatalogManager - [client:400203]cache file auto update thread launch in build account
2024-02-23 16:01:48.836 [pool-3-thread-1] INFO  com.rs.mv.mvvs.client.catalog.from.config.DirsConfigReader - [client:400206]parse dir config information
2024-02-23 16:01:48.836 [pool-3-thread-1] INFO  com.rs.mv.mvvs.client.catalog.from.config.MappingConfigReader - [client:400207]parse mapping config information
2024-02-23 16:01:48.837 [pool-3-thread-1] INFO  com.rs.mv.mvvs.client.catalog.manager.U2CatalogManager - [client:400202]start a schedule task to get global/local catalog for build, its period 5s 
2024-02-23 16:01:48.843 [pool-3-thread-1] INFO  com.rs.mv.mvvs.client.account.handler.ServerAccountHandler - [client:40010104]load server account: Account{name=objects, path=C:/Users/Administrator.DESKTOP-QGEPIDJ/Desktop/learning-School/College-Game/.git/objects, type=PREDICT}
Account{name=Checkpoints, path=C:/Users/Administrator.DESKTOP-QGEPIDJ/Desktop/learning-School/College-Game/assets/Items/Checkpoints, type=PREDICT}
Account{name=MainCharacters, path=C:/Users/Administrator.DESKTOP-QGEPIDJ/Desktop/learning-School/College-Game/assets/MainCharacters, type=PREDICT}
Account{name=refs, path=C:/Users/Administrator.DESKTOP-QGEPIDJ/Desktop/learning-School/College-Game/.git/refs, type=PREDICT}
Account{name=.idea, path=C:/Users/Administrator.DESKTOP-QGEPIDJ/Desktop/learning-School/College-Game/.idea, type=PREDICT}
Account{name=Menu, path=C:/Users/Administrator.DESKTOP-QGEPIDJ/Desktop/learning-School/College-Game/assets/Menu, type=PREDICT}
Account{name=refs, path=C:/Users/Administrator.DESKTOP-QGEPIDJ/Desktop/learning-School/College-Game/.git/logs/refs, type=PREDICT}
Account{name=College-Game, path=C:/Users/Administrator.DESKTOP-QGEPIDJ/Desktop/learning-School/College-Game, type=PREDICT}
Account{name=assets, path=C:/Users/Administrator.DESKTOP-QGEPIDJ/Desktop/learning-School/College-Game/assets, type=PREDICT}
Account{name=.git, path=C:/Users/Administrator.DESKTOP-QGEPIDJ/Desktop/learning-School/College-Game/.git, type=PREDICT}
Account{name=remotes, path=C:/Users/Administrator.DESKTOP-QGEPIDJ/Desktop/learning-School/College-Game/.git/logs/refs/remotes, type=PREDICT}
Account{name=Boxes, path=C:/Users/Administrator.DESKTOP-QGEPIDJ/Desktop/learning-School/College-Game/assets/Items/Boxes, type=PREDICT}
Account{name=Items, path=C:/Users/Administrator.DESKTOP-QGEPIDJ/Desktop/learning-School/College-Game/assets/Items, type=PREDICT}
Account{name=Traps, path=C:/Users/Administrator.DESKTOP-QGEPIDJ/Desktop/learning-School/College-Game/assets/Traps, type=PREDICT}
Account{name=logs, path=C:/Users/Administrator.DESKTOP-QGEPIDJ/Desktop/learning-School/College-Game/.git/logs, type=PREDICT}
Account{name=remotes, path=C:/Users/Administrator.DESKTOP-QGEPIDJ/Desktop/learning-School/College-Game/.git/refs/remotes, type=PREDICT}
Account{name=build, path=C:/Users/Administrator.DESKTOP-QGEPIDJ/Desktop/learning-School/College-Game/build, type=PREDICT}
2024-02-23 16:01:48.844 [pool-3-thread-1] INFO  com.rs.mv.mvvs.client.account.AccountManager - [client:40010105]load account manager finish
2024-02-23 16:01:48.846 [pool-3-thread-1] INFO  com.rs.mv.mvvs.instance.userspace.UserspaceManager - [framework:30010402]config file(C:\Users\Administrator.DESKTOP-QGEPIDJ/.rmv/config) watcher launch successful
2024-02-23 16:02:15.198 [pool-3-thread-1] INFO  com.rs.mv.mvvs.client.catalog.from.scan.CurrentPathScanner - [client:400205]scan file in current open file directory(C:/Users/Administrator.DESKTOP-QGEPIDJ/Desktop/learning-School/College-Game)
2024-02-23 16:03:08.174 [pool-3-thread-1] INFO  com.rs.mv.mvvs.client.catalog.from.scan.CurrentPathScanner - [client:400205]scan file in current open file directory(C:/Users/Administrator.DESKTOP-QGEPIDJ/Desktop/learning-School/College-Game)
2024-02-23 16:03:21.256 [pool-3-thread-1] INFO  com.rs.mv.mvvs.client.catalog.from.scan.CurrentPathScanner - [client:400205]scan file in current open file directory(C:/Users/Administrator.DESKTOP-QGEPIDJ/Desktop/learning-School/College-Game)
2024-02-23 16:04:00.797 [pool-3-thread-1] INFO  com.rs.mv.mvvs.client.catalog.from.scan.CurrentPathScanner - [client:400205]scan file in current open file directory(C:/Users/Administrator.DESKTOP-QGEPIDJ/Desktop/learning-School/College-Game)
2024-02-23 16:04:53.706 [pool-3-thread-1] INFO  com.rs.mv.mvvs.client.catalog.from.scan.CurrentPathScanner - [client:400205]scan file in current open file directory(C:/Users/Administrator.DESKTOP-QGEPIDJ/Desktop/learning-School/College-Game)
2024-02-23 16:14:28.324 [pool-3-thread-1] INFO  com.rs.mv.mvvs.client.catalog.from.scan.CurrentPathScanner - [client:400205]scan file in current open file directory(C:/Users/Administrator.DESKTOP-QGEPIDJ/Desktop/learning-School/College-Game)
2024-02-23 16:14:44.577 [pool-3-thread-1] INFO  com.rs.mv.mvvs.client.catalog.from.scan.CurrentPathScanner - [client:400205]scan file in current open file directory(C:/Users/Administrator.DESKTOP-QGEPIDJ/Desktop/learning-School/College-Game)
2024-02-23 16:15:32.525 [pool-3-thread-1] INFO  com.rs.mv.mvvs.client.catalog.from.scan.CurrentPathScanner - [client:400205]scan file in current open file directory(C:/Users/Administrator.DESKTOP-QGEPIDJ/Desktop/learning-School/College-Game)
2024-02-23 16:17:55.721 [pool-3-thread-1] INFO  com.rs.mv.mvvs.client.catalog.from.scan.CurrentPathScanner - [client:400205]scan file in current open file directory(C:/Users/Administrator.DESKTOP-QGEPIDJ/Desktop/learning-School/College-Game)
2024-02-23 16:18:02.254 [pool-3-thread-1] INFO  com.rs.mv.mvvs.client.catalog.from.scan.CurrentPathScanner - [client:400205]scan file in current open file directory(C:/Users/Administrator.DESKTOP-QGEPIDJ/Desktop/learning-School/College-Game)
2024-02-23 16:32:37.744 [pool-3-thread-1] INFO  com.rs.mv.mvvs.client.catalog.from.scan.CurrentPathScanner - [client:400205]scan file in current open file directory(C:/Users/Administrator.DESKTOP-QGEPIDJ/Desktop/learning-School/College-Game)
2024-02-23 16:32:38.284 [pool-3-thread-1] INFO  com.rs.mv.mvvs.client.catalog.from.scan.CurrentPathScanner - [client:400205]scan file in current open file directory(C:/Users/Administrator.DESKTOP-QGEPIDJ/Desktop/learning-School/College-Game)
2024-02-23 16:40:11.866 [pool-3-thread-1] INFO  com.rs.mv.mvvs.client.catalog.from.scan.CurrentPathScanner - [client:400205]scan file in current open file directory(C:/Users/Administrator.DESKTOP-QGEPIDJ/Desktop/learning-School/College-Game)
2024-02-23 16:40:29.181 [pool-3-thread-1] INFO  com.rs.mv.mvvs.client.catalog.from.scan.CurrentPathScanner - [client:400205]scan file in current open file directory(C:/Users/Administrator.DESKTOP-QGEPIDJ/Desktop/learning-School/College-Game)
2024-02-23 16:40:41.996 [pool-3-thread-1] INFO  com.rs.mv.mvvs.client.catalog.from.scan.CurrentPathScanner - [client:400205]scan file in current open file directory(C:/Users/Administrator.DESKTOP-QGEPIDJ/Desktop/learning-School/College-Game)
2024-02-23 16:51:44.887 [pool-3-thread-1] INFO  com.rs.mv.mvvs.client.catalog.from.scan.CurrentPathScanner - [client:400205]scan file in current open file directory(C:/Users/Administrator.DESKTOP-QGEPIDJ/Desktop/learning-School/College-Game)
2024-02-23 16:55:47.417 [pool-3-thread-1] INFO  com.rs.mv.mvvs.client.catalog.from.scan.CurrentPathScanner - [client:400205]scan file in current open file directory(C:/Users/Administrator.DESKTOP-QGEPIDJ/Desktop/learning-School/College-Game)
2024-02-23 17:02:02.300 [pool-3-thread-1] INFO  com.rs.mv.mvvs.client.catalog.from.scan.CurrentPathScanner - [client:400205]scan file in current open file directory(C:/Users/Administrator.DESKTOP-QGEPIDJ/Desktop/learning-School/College-Game)
2024-02-23 17:04:17.622 [pool-3-thread-1] INFO  com.rs.mv.mvvs.client.catalog.from.scan.CurrentPathScanner - [client:400205]scan file in current open file directory(C:/Users/Administrator.DESKTOP-QGEPIDJ/Desktop/learning-School/College-Game)
2024-02-23 17:51:09.812 [pool-3-thread-1] INFO  com.rs.mv.mvvs.client.catalog.from.scan.CurrentPathScanner - [client:400205]scan file in current open file directory(C:/Users/Administrator.DESKTOP-QGEPIDJ/Desktop/learning-School/College-Game)
2024-02-23 22:19:36.779 [pool-3-thread-1] INFO  com.rs.mv.mvvs.client.catalog.from.scan.CurrentPathScanner - [client:400205]scan file in current open file directory(C:/Users/Administrator.DESKTOP-QGEPIDJ/Desktop/learning-School/College-Game)
2024-02-23 22:50:01.692 [pool-3-thread-1] INFO  com.rs.mv.mvvs.client.catalog.from.scan.CurrentPathScanner - [client:400205]scan file in current open file directory(C:/Users/Administrator.DESKTOP-QGEPIDJ/Desktop/learning-School/College-Game)
2024-02-23 23:00:10.179 [pool-3-thread-1] INFO  com.rs.mv.mvvs.client.catalog.from.scan.CurrentPathScanner - [client:400205]scan file in current open file directory(C:/Users/Administrator.DESKTOP-QGEPIDJ/Desktop/learning-School/College-Game)
2024-02-23 23:49:15.783 [pool-3-thread-1] INFO  com.rs.mv.mvvs.client.catalog.from.scan.CurrentPathScanner - [client:400205]scan file in current open file directory(C:/Users/Administrator.DESKTOP-QGEPIDJ/Desktop/learning-School/College-Game)
2024-02-23 23:50:12.671 [pool-3-thread-1] INFO  com.rs.mv.mvvs.client.catalog.from.scan.CurrentPathScanner - [client:400205]scan file in current open file directory(C:/Users/Administrator.DESKTOP-QGEPIDJ/Desktop/learning-School/College-Game)
