2024-02-25 22:25:52.637 [main] INFO  com.rs.mv.mvvs.Startup - [LSP:100101]ROCKET MV BASIC EXTENSION to start
2024-02-25 22:25:52.727 [main] INFO  com.rs.mv.mvvs.lsp.server.BasicLanguageServerLauncher - [LSP:100102]start pip server
2024-02-25 22:25:52.920 [main] INFO  com.rs.mv.mvvs.lsp.server.BasicLanguageServerLauncher - [LSP:100103]ROCKET MV BASIC EXTENSION start successful
2024-02-25 22:25:53.017 [pool-3-thread-1] INFO  com.rs.mv.mvvs.instance.workspace.WorkspaceManager - [workspace:200101]load all workspace folders start
2024-02-25 22:25:53.018 [pool-3-thread-1] INFO  com.rs.mv.mvvs.instance.workspace.WorkspaceManager - [workspace:20010201]root uri: file:///c%3A/Users/Administrator.DESKTOP-QGEPIDJ/Desktop/learning-School/College-Game
2024-02-25 22:25:53.019 [pool-3-thread-1] INFO  com.rs.mv.mvvs.instance.workspace.handler.FolderHandler - [workspace:200103]workspace contains workspace folder: file:///c%3A/Users/Administrator.DESKTOP-QGEPIDJ/Desktop/learning-School/College-Game
2024-02-25 22:25:53.043 [pool-3-thread-1] INFO  com.rs.mv.mvvs.instance.workspace.handler.FolderHandler - [workspace:200104]workspace folder will be cached: file:///c%3A/Users/Administrator.DESKTOP-QGEPIDJ/Desktop/learning-School/College-Game
2024-02-25 22:25:53.046 [pool-3-thread-1] INFO  com.rs.mv.mvvs.rmv.config.Config - [framework:30010101]config load start
2024-02-25 22:25:53.047 [pool-3-thread-1] INFO  com.rs.mv.mvvs.rmv.config.Config - [framework:30010102]project config path is : C:/Users/Administrator.DESKTOP-QGEPIDJ/Desktop/learning-School/College-Game/.rmv/config
2024-02-25 22:25:53.048 [pool-3-thread-1] INFO  com.rs.mv.mvvs.rmv.config.Config - [framework:30010103]resource config path is : /
2024-02-25 22:25:53.049 [pool-3-thread-1] INFO  com.rs.mv.mvvs.rmv.config.Config - [framework:30010104]user config path is : C:/Users/Administrator.DESKTOP-QGEPIDJ
2024-02-25 22:25:53.066 [pool-3-thread-1] INFO  com.rs.mv.mvvs.rmv.config.Config - [framework:30010105]config load end
2024-02-25 22:25:53.069 [pool-3-thread-1] INFO  com.rs.mv.mvvs.rmv.documentation.BasicDocumentation - [framework:30020101]documentation load start
2024-02-25 22:25:53.070 [pool-3-thread-1] INFO  com.rs.mv.mvvs.rmv.documentation.reader.SystemDocReader - [framework:30020102]system documentation path: /documentation/UNIVERSE/
2024-02-25 22:25:53.074 [pool-3-thread-1] INFO  com.rs.mv.mvvs.rmv.documentation.reader.ProjectDocReader - [framework:30020103]project documentation brief file: C:\Users\Administrator.DESKTOP-QGEPIDJ\Desktop\learning-School\College-Game\.rmv\documentation\UNIVERSE\custom.json
2024-02-25 22:25:53.076 [pool-3-thread-1] INFO  com.rs.mv.mvvs.rmv.documentation.reader.UserDocReader - [framework:30020104]user documentation brief file: C:\Users\Administrator.DESKTOP-QGEPIDJ\documentation\UNIVERSE\custom.json
2024-02-25 22:25:53.218 [pool-3-thread-1] INFO  com.rs.mv.mvvs.rmv.documentation.BasicDocumentation - [framework:30020105]documentation load end
2024-02-25 22:25:53.227 [pool-3-thread-1] INFO  com.rs.mv.mvvs.common.convertor.ConvertorManager - [framework:30030101]convertors for folder(C:/Users/Administrator.DESKTOP-QGEPIDJ/Desktop/learning-School/College-Game) load start
2024-02-25 22:25:53.235 [pool-3-thread-1] INFO  com.rs.mv.mvvs.common.convertor.ConvertorManager - [framework:30030102]comment convertor load finish
2024-02-25 22:25:53.423 [pool-3-thread-1] INFO  com.rs.mv.mvvs.common.convertor.ConvertorManager - [framework:30030103]keyword convertor load finish
2024-02-25 22:25:53.427 [pool-3-thread-1] INFO  com.rs.mv.mvvs.common.convertor.ConvertorManager - [framework:30030104]operator convertor load finish
2024-02-25 22:25:53.428 [pool-3-thread-1] INFO  com.rs.mv.mvvs.common.convertor.ConvertorManager - [framework:30030105]function name convertor load finish
2024-02-25 22:25:53.428 [pool-3-thread-1] INFO  com.rs.mv.mvvs.common.convertor.ConvertorManager - [framework:30030106]atVariable convertor load finish
2024-02-25 22:25:53.428 [pool-3-thread-1] INFO  com.rs.mv.mvvs.common.convertor.ConvertorManager - [framework:30030107]convertors for folder(C:/Users/Administrator.DESKTOP-QGEPIDJ/Desktop/learning-School/College-Game) load end
2024-02-25 22:25:53.434 [pool-3-thread-1] INFO  com.rs.mv.mvvs.rmv.config.CapabilityConfig - [framework:30010301]capabilities file(C:/Users/Administrator.DESKTOP-QGEPIDJ/Desktop/learning-School/College-Game/config/capability) doesn't exist or read error, default config will take effect
2024-02-25 22:25:53.436 [pool-3-thread-1] INFO  com.rs.mv.mvvs.instance.workspace.WorkspaceManager - [workspace:200105]load all workspace folders successful
2024-02-25 22:25:53.438 [pool-3-thread-1] INFO  com.rs.mv.mvvs.client.account.AccountManager - [client:40010101]load account manager start
2024-02-25 22:25:53.454 [pool-3-thread-1] INFO  com.rs.mv.mvvs.client.account.handler.CacheAccountHandler - [client:40010102]load cache account: 
2024-02-25 22:25:53.458 [pool-3-thread-1] INFO  com.rs.mv.mvvs.client.account.handler.ExternalAccountHandler - [client:40010103]load external account: 
2024-02-25 22:25:53.765 [pool-3-thread-1] INFO  com.rs.mv.mvvs.client.catalog.manager.U2CatalogManager - [client:400203]cache file auto update thread launch in College-Game account
2024-02-25 22:25:53.776 [pool-3-thread-1] INFO  com.rs.mv.mvvs.client.catalog.from.config.DirsConfigReader - [client:400206]parse dir config information
2024-02-25 22:25:53.780 [pool-3-thread-1] INFO  com.rs.mv.mvvs.client.catalog.from.config.MappingConfigReader - [client:400207]parse mapping config information
2024-02-25 22:25:53.783 [pool-3-thread-1] INFO  com.rs.mv.mvvs.client.catalog.manager.U2CatalogManager - [client:400202]start a schedule task to get global/local catalog for College-Game, its period 5s 
2024-02-25 22:25:53.784 [pool-3-thread-1] INFO  com.rs.mv.mvvs.client.catalog.manager.U2CatalogManager - [client:400203]cache file auto update thread launch in .git account
2024-02-25 22:25:53.785 [pool-3-thread-1] INFO  com.rs.mv.mvvs.client.catalog.from.config.DirsConfigReader - [client:400206]parse dir config information
2024-02-25 22:25:53.786 [pool-3-thread-1] INFO  com.rs.mv.mvvs.client.catalog.from.config.MappingConfigReader - [client:400207]parse mapping config information
2024-02-25 22:25:53.787 [pool-3-thread-1] INFO  com.rs.mv.mvvs.client.catalog.manager.U2CatalogManager - [client:400202]start a schedule task to get global/local catalog for .git, its period 5s 
2024-02-25 22:25:53.788 [pool-3-thread-1] INFO  com.rs.mv.mvvs.client.catalog.manager.U2CatalogManager - [client:400203]cache file auto update thread launch in logs account
2024-02-25 22:25:53.788 [pool-3-thread-1] INFO  com.rs.mv.mvvs.client.catalog.from.config.DirsConfigReader - [client:400206]parse dir config information
2024-02-25 22:25:53.789 [pool-3-thread-1] INFO  com.rs.mv.mvvs.client.catalog.from.config.MappingConfigReader - [client:400207]parse mapping config information
2024-02-25 22:25:53.789 [pool-3-thread-1] INFO  com.rs.mv.mvvs.client.catalog.manager.U2CatalogManager - [client:400202]start a schedule task to get global/local catalog for logs, its period 5s 
2024-02-25 22:25:53.790 [pool-3-thread-1] INFO  com.rs.mv.mvvs.client.catalog.manager.U2CatalogManager - [client:400203]cache file auto update thread launch in refs account
2024-02-25 22:25:53.790 [pool-3-thread-1] INFO  com.rs.mv.mvvs.client.catalog.from.config.DirsConfigReader - [client:400206]parse dir config information
2024-02-25 22:25:53.790 [pool-3-thread-1] INFO  com.rs.mv.mvvs.client.catalog.from.config.MappingConfigReader - [client:400207]parse mapping config information
2024-02-25 22:25:53.792 [pool-3-thread-1] INFO  com.rs.mv.mvvs.client.catalog.manager.U2CatalogManager - [client:400202]start a schedule task to get global/local catalog for refs, its period 5s 
2024-02-25 22:25:53.793 [pool-3-thread-1] INFO  com.rs.mv.mvvs.client.catalog.manager.U2CatalogManager - [client:400203]cache file auto update thread launch in remotes account
2024-02-25 22:25:53.793 [pool-3-thread-1] INFO  com.rs.mv.mvvs.client.catalog.from.config.DirsConfigReader - [client:400206]parse dir config information
2024-02-25 22:25:53.794 [pool-3-thread-1] INFO  com.rs.mv.mvvs.client.catalog.from.config.MappingConfigReader - [client:400207]parse mapping config information
2024-02-25 22:25:53.795 [pool-3-thread-1] INFO  com.rs.mv.mvvs.client.catalog.manager.U2CatalogManager - [client:400202]start a schedule task to get global/local catalog for remotes, its period 5s 
2024-02-25 22:25:53.796 [pool-3-thread-1] INFO  com.rs.mv.mvvs.client.catalog.manager.U2CatalogManager - [client:400203]cache file auto update thread launch in objects account
2024-02-25 22:25:53.796 [pool-3-thread-1] INFO  com.rs.mv.mvvs.client.catalog.from.config.DirsConfigReader - [client:400206]parse dir config information
2024-02-25 22:25:53.797 [pool-3-thread-1] INFO  com.rs.mv.mvvs.client.catalog.from.config.MappingConfigReader - [client:400207]parse mapping config information
2024-02-25 22:25:53.798 [pool-3-thread-1] INFO  com.rs.mv.mvvs.client.catalog.manager.U2CatalogManager - [client:400202]start a schedule task to get global/local catalog for objects, its period 5s 
2024-02-25 22:25:53.800 [pool-3-thread-1] INFO  com.rs.mv.mvvs.client.catalog.manager.U2CatalogManager - [client:400203]cache file auto update thread launch in refs account
2024-02-25 22:25:53.800 [pool-3-thread-1] INFO  com.rs.mv.mvvs.client.catalog.from.config.DirsConfigReader - [client:400206]parse dir config information
2024-02-25 22:25:53.802 [pool-3-thread-1] INFO  com.rs.mv.mvvs.client.catalog.from.config.MappingConfigReader - [client:400207]parse mapping config information
2024-02-25 22:25:53.803 [pool-3-thread-1] INFO  com.rs.mv.mvvs.client.catalog.manager.U2CatalogManager - [client:400202]start a schedule task to get global/local catalog for refs, its period 5s 
2024-02-25 22:25:53.804 [pool-3-thread-1] INFO  com.rs.mv.mvvs.client.catalog.manager.U2CatalogManager - [client:400203]cache file auto update thread launch in remotes account
2024-02-25 22:25:53.804 [pool-3-thread-1] INFO  com.rs.mv.mvvs.client.catalog.from.config.DirsConfigReader - [client:400206]parse dir config information
2024-02-25 22:25:53.805 [pool-3-thread-1] INFO  com.rs.mv.mvvs.client.catalog.from.config.MappingConfigReader - [client:400207]parse mapping config information
2024-02-25 22:25:53.806 [pool-3-thread-1] INFO  com.rs.mv.mvvs.client.catalog.manager.U2CatalogManager - [client:400202]start a schedule task to get global/local catalog for remotes, its period 5s 
2024-02-25 22:25:53.808 [pool-3-thread-1] INFO  com.rs.mv.mvvs.client.catalog.manager.U2CatalogManager - [client:400203]cache file auto update thread launch in .idea account
2024-02-25 22:25:53.808 [pool-3-thread-1] INFO  com.rs.mv.mvvs.client.catalog.from.config.DirsConfigReader - [client:400206]parse dir config information
2024-02-25 22:25:53.809 [pool-3-thread-1] INFO  com.rs.mv.mvvs.client.catalog.from.config.MappingConfigReader - [client:400207]parse mapping config information
2024-02-25 22:25:53.809 [pool-3-thread-1] INFO  com.rs.mv.mvvs.client.catalog.manager.U2CatalogManager - [client:400202]start a schedule task to get global/local catalog for .idea, its period 5s 
2024-02-25 22:25:53.810 [pool-3-thread-1] INFO  com.rs.mv.mvvs.client.catalog.manager.U2CatalogManager - [client:400203]cache file auto update thread launch in assets account
2024-02-25 22:25:53.811 [pool-3-thread-1] INFO  com.rs.mv.mvvs.client.catalog.from.config.DirsConfigReader - [client:400206]parse dir config information
2024-02-25 22:25:53.812 [pool-3-thread-1] INFO  com.rs.mv.mvvs.client.catalog.from.config.MappingConfigReader - [client:400207]parse mapping config information
2024-02-25 22:25:53.812 [pool-3-thread-1] INFO  com.rs.mv.mvvs.client.catalog.manager.U2CatalogManager - [client:400202]start a schedule task to get global/local catalog for assets, its period 5s 
2024-02-25 22:25:53.813 [pool-3-thread-1] INFO  com.rs.mv.mvvs.client.catalog.manager.U2CatalogManager - [client:400203]cache file auto update thread launch in enemeies account
2024-02-25 22:25:53.813 [pool-3-thread-1] INFO  com.rs.mv.mvvs.client.catalog.from.config.DirsConfigReader - [client:400206]parse dir config information
2024-02-25 22:25:53.814 [pool-3-thread-1] INFO  com.rs.mv.mvvs.client.catalog.from.config.MappingConfigReader - [client:400207]parse mapping config information
2024-02-25 22:25:53.814 [pool-3-thread-1] INFO  com.rs.mv.mvvs.client.catalog.manager.U2CatalogManager - [client:400202]start a schedule task to get global/local catalog for enemeies, its period 5s 
2024-02-25 22:25:53.816 [pool-3-thread-1] INFO  com.rs.mv.mvvs.client.catalog.manager.U2CatalogManager - [client:400203]cache file auto update thread launch in Items account
2024-02-25 22:25:53.817 [pool-3-thread-1] INFO  com.rs.mv.mvvs.client.catalog.from.config.DirsConfigReader - [client:400206]parse dir config information
2024-02-25 22:25:53.817 [pool-3-thread-1] INFO  com.rs.mv.mvvs.client.catalog.from.config.MappingConfigReader - [client:400207]parse mapping config information
2024-02-25 22:25:53.818 [pool-3-thread-1] INFO  com.rs.mv.mvvs.client.catalog.manager.U2CatalogManager - [client:400202]start a schedule task to get global/local catalog for Items, its period 5s 
2024-02-25 22:25:53.819 [pool-3-thread-1] INFO  com.rs.mv.mvvs.client.catalog.manager.U2CatalogManager - [client:400203]cache file auto update thread launch in Boxes account
2024-02-25 22:25:53.819 [pool-3-thread-1] INFO  com.rs.mv.mvvs.client.catalog.from.config.DirsConfigReader - [client:400206]parse dir config information
2024-02-25 22:25:53.819 [pool-3-thread-1] INFO  com.rs.mv.mvvs.client.catalog.from.config.MappingConfigReader - [client:400207]parse mapping config information
2024-02-25 22:25:53.820 [pool-3-thread-1] INFO  com.rs.mv.mvvs.client.catalog.manager.U2CatalogManager - [client:400202]start a schedule task to get global/local catalog for Boxes, its period 5s 
2024-02-25 22:25:53.822 [pool-3-thread-1] INFO  com.rs.mv.mvvs.client.catalog.manager.U2CatalogManager - [client:400203]cache file auto update thread launch in Checkpoints account
2024-02-25 22:25:53.822 [pool-3-thread-1] INFO  com.rs.mv.mvvs.client.catalog.from.config.DirsConfigReader - [client:400206]parse dir config information
2024-02-25 22:25:53.822 [pool-3-thread-1] INFO  com.rs.mv.mvvs.client.catalog.from.config.MappingConfigReader - [client:400207]parse mapping config information
2024-02-25 22:25:53.823 [pool-3-thread-1] INFO  com.rs.mv.mvvs.client.catalog.manager.U2CatalogManager - [client:400202]start a schedule task to get global/local catalog for Checkpoints, its period 5s 
2024-02-25 22:25:53.824 [pool-3-thread-1] INFO  com.rs.mv.mvvs.client.catalog.manager.U2CatalogManager - [client:400203]cache file auto update thread launch in PowerUps account
2024-02-25 22:25:53.824 [pool-3-thread-1] INFO  com.rs.mv.mvvs.client.catalog.from.config.DirsConfigReader - [client:400206]parse dir config information
2024-02-25 22:25:53.825 [pool-3-thread-1] INFO  com.rs.mv.mvvs.client.catalog.from.config.MappingConfigReader - [client:400207]parse mapping config information
2024-02-25 22:25:53.825 [pool-3-thread-1] INFO  com.rs.mv.mvvs.client.catalog.manager.U2CatalogManager - [client:400202]start a schedule task to get global/local catalog for PowerUps, its period 5s 
2024-02-25 22:25:53.825 [pool-3-thread-1] INFO  com.rs.mv.mvvs.client.catalog.manager.U2CatalogManager - [client:400203]cache file auto update thread launch in MainCharacters account
2024-02-25 22:25:53.826 [pool-3-thread-1] INFO  com.rs.mv.mvvs.client.catalog.from.config.DirsConfigReader - [client:400206]parse dir config information
2024-02-25 22:25:53.827 [pool-3-thread-1] INFO  com.rs.mv.mvvs.client.catalog.from.config.MappingConfigReader - [client:400207]parse mapping config information
2024-02-25 22:25:53.827 [pool-3-thread-1] INFO  com.rs.mv.mvvs.client.catalog.manager.U2CatalogManager - [client:400202]start a schedule task to get global/local catalog for MainCharacters, its period 5s 
2024-02-25 22:25:53.829 [pool-3-thread-1] INFO  com.rs.mv.mvvs.client.catalog.manager.U2CatalogManager - [client:400203]cache file auto update thread launch in Traps account
2024-02-25 22:25:53.829 [pool-3-thread-1] INFO  com.rs.mv.mvvs.client.catalog.from.config.DirsConfigReader - [client:400206]parse dir config information
2024-02-25 22:25:53.829 [pool-3-thread-1] INFO  com.rs.mv.mvvs.client.catalog.from.config.MappingConfigReader - [client:400207]parse mapping config information
2024-02-25 22:25:53.830 [pool-3-thread-1] INFO  com.rs.mv.mvvs.client.catalog.manager.U2CatalogManager - [client:400202]start a schedule task to get global/local catalog for Traps, its period 5s 
2024-02-25 22:25:53.831 [pool-3-thread-1] INFO  com.rs.mv.mvvs.client.catalog.manager.U2CatalogManager - [client:400203]cache file auto update thread launch in build account
2024-02-25 22:25:53.831 [pool-3-thread-1] INFO  com.rs.mv.mvvs.client.catalog.from.config.DirsConfigReader - [client:400206]parse dir config information
2024-02-25 22:25:53.832 [pool-3-thread-1] INFO  com.rs.mv.mvvs.client.catalog.from.config.MappingConfigReader - [client:400207]parse mapping config information
2024-02-25 22:25:53.832 [pool-3-thread-1] INFO  com.rs.mv.mvvs.client.catalog.manager.U2CatalogManager - [client:400202]start a schedule task to get global/local catalog for build, its period 5s 
2024-02-25 22:25:53.838 [pool-3-thread-1] INFO  com.rs.mv.mvvs.client.account.handler.ServerAccountHandler - [client:40010104]load server account: Account{name=objects, path=C:/Users/Administrator.DESKTOP-QGEPIDJ/Desktop/learning-School/College-Game/.git/objects, type=PREDICT}
Account{name=enemeies, path=C:/Users/Administrator.DESKTOP-QGEPIDJ/Desktop/learning-School/College-Game/assets/enemeies, type=PREDICT}
Account{name=Checkpoints, path=C:/Users/Administrator.DESKTOP-QGEPIDJ/Desktop/learning-School/College-Game/assets/Items/Checkpoints, type=PREDICT}
Account{name=PowerUps, path=C:/Users/Administrator.DESKTOP-QGEPIDJ/Desktop/learning-School/College-Game/assets/Items/PowerUps, type=PREDICT}
Account{name=MainCharacters, path=C:/Users/Administrator.DESKTOP-QGEPIDJ/Desktop/learning-School/College-Game/assets/MainCharacters, type=PREDICT}
Account{name=refs, path=C:/Users/Administrator.DESKTOP-QGEPIDJ/Desktop/learning-School/College-Game/.git/refs, type=PREDICT}
Account{name=.idea, path=C:/Users/Administrator.DESKTOP-QGEPIDJ/Desktop/learning-School/College-Game/.idea, type=PREDICT}
Account{name=refs, path=C:/Users/Administrator.DESKTOP-QGEPIDJ/Desktop/learning-School/College-Game/.git/logs/refs, type=PREDICT}
Account{name=College-Game, path=C:/Users/Administrator.DESKTOP-QGEPIDJ/Desktop/learning-School/College-Game, type=PREDICT}
Account{name=assets, path=C:/Users/Administrator.DESKTOP-QGEPIDJ/Desktop/learning-School/College-Game/assets, type=PREDICT}
Account{name=.git, path=C:/Users/Administrator.DESKTOP-QGEPIDJ/Desktop/learning-School/College-Game/.git, type=PREDICT}
Account{name=remotes, path=C:/Users/Administrator.DESKTOP-QGEPIDJ/Desktop/learning-School/College-Game/.git/logs/refs/remotes, type=PREDICT}
Account{name=Boxes, path=C:/Users/Administrator.DESKTOP-QGEPIDJ/Desktop/learning-School/College-Game/assets/Items/Boxes, type=PREDICT}
Account{name=Items, path=C:/Users/Administrator.DESKTOP-QGEPIDJ/Desktop/learning-School/College-Game/assets/Items, type=PREDICT}
Account{name=Traps, path=C:/Users/Administrator.DESKTOP-QGEPIDJ/Desktop/learning-School/College-Game/assets/Traps, type=PREDICT}
Account{name=logs, path=C:/Users/Administrator.DESKTOP-QGEPIDJ/Desktop/learning-School/College-Game/.git/logs, type=PREDICT}
Account{name=remotes, path=C:/Users/Administrator.DESKTOP-QGEPIDJ/Desktop/learning-School/College-Game/.git/refs/remotes, type=PREDICT}
Account{name=build, path=C:/Users/Administrator.DESKTOP-QGEPIDJ/Desktop/learning-School/College-Game/build, type=PREDICT}
2024-02-25 22:25:53.839 [pool-3-thread-1] INFO  com.rs.mv.mvvs.client.account.AccountManager - [client:40010105]load account manager finish
2024-02-25 22:25:53.840 [pool-3-thread-1] INFO  com.rs.mv.mvvs.instance.userspace.UserspaceManager - [framework:30010402]config file(C:\Users\Administrator.DESKTOP-QGEPIDJ/.rmv/config) watcher launch successful
